[debug] [2024-07-04T07:40:12.974Z] ----------------------------------------------------------------------
[debug] [2024-07-04T07:40:12.977Z] Command:       D:\Program Files\nodejs\node.exe C:\Users\xie\AppData\Roaming\npm\node_modules\firebase-tools\lib\bin\firebase.js deploy
[debug] [2024-07-04T07:40:12.977Z] CLI Version:   13.8.0
[debug] [2024-07-04T07:40:12.977Z] Platform:      win32
[debug] [2024-07-04T07:40:12.978Z] Node Version:  v20.11.1
[debug] [2024-07-04T07:40:12.978Z] Time:          Thu Jul 04 2024 13:10:12 GMT+0530 (India Standard Time)
[debug] [2024-07-04T07:40:12.978Z] ----------------------------------------------------------------------
[debug] 
[debug] [2024-07-04T07:40:13.046Z] > command requires scopes: ["email","openid","https://www.googleapis.com/auth/cloudplatformprojects.readonly","https://www.googleapis.com/auth/firebase","https://www.googleapis.com/auth/cloud-platform"]
[debug] [2024-07-04T07:40:13.046Z] > authorizing via signed-in user (2022032006.khizarsar@student.xavier.ac.in)
[debug] [2024-07-04T07:40:13.047Z] [iam] checking project xieresource for permissions ["firebase.projects.get","firebasehosting.sites.update"]
[debug] [2024-07-04T07:40:13.048Z] >>> [apiv2][query] POST https://cloudresourcemanager.googleapis.com/v1/projects/xieresource:testIamPermissions [none]
[debug] [2024-07-04T07:40:13.049Z] >>> [apiv2][(partial)header] POST https://cloudresourcemanager.googleapis.com/v1/projects/xieresource:testIamPermissions x-goog-quota-user=projects/xieresource
[debug] [2024-07-04T07:40:13.049Z] >>> [apiv2][body] POST https://cloudresourcemanager.googleapis.com/v1/projects/xieresource:testIamPermissions {"permissions":["firebase.projects.get","firebasehosting.sites.update"]}
[debug] [2024-07-04T07:40:13.100Z] *** [apiv2] error from fetch(https://cloudresourcemanager.googleapis.com/v1/projects/xieresource:testIamPermissions, {"headers":{},"method":"POST","body":"{\"permissions\":[\"firebase.projects.get\",\"firebasehosting.sites.update\"]}"}): FetchError: request to https://cloudresourcemanager.googleapis.com/v1/projects/xieresource:testIamPermissions failed, reason: getaddrinfo ENOTFOUND cloudresourcemanager.googleapis.com
[debug] [2024-07-04T07:40:13.101Z] [iam] error while checking permissions, command may fail: FirebaseError: Failed to make request to https://cloudresourcemanager.googleapis.com/v1/projects/xieresource:testIamPermissions
[debug] [2024-07-04T07:40:13.101Z] >>> [apiv2][query] GET https://firebase.googleapis.com/v1beta1/projects/xieresource [none]
[debug] [2024-07-04T07:40:13.112Z] *** [apiv2] error from fetch(https://firebase.googleapis.com/v1beta1/projects/xieresource, {"headers":{},"method":"GET","signal":{}}): FetchError: request to https://firebase.googleapis.com/v1beta1/projects/xieresource failed, reason: getaddrinfo ENOTFOUND firebase.googleapis.com
[debug] [2024-07-04T07:40:13.113Z] Failed to make request to https://firebase.googleapis.com/v1beta1/projects/xieresource (original: request to https://firebase.googleapis.com/v1beta1/projects/xieresource failed, reason: getaddrinfo ENOTFOUND firebase.googleapis.com)
[error] 
[error] Error: Assertion failed: resolving hosting target of a site with no site name or target name. This should have caused an error earlier
